local-modules/apk-installer/android/build/intermediates/manifest_merge_blame_file/debug/processDebugManifest/manifest-merger-blame-debug-report.txt
1<?xml version="1.0" encoding="utf-8"?>
2<manifest xmlns:android="http://schemas.android.com/apk/res/android"
3    package="com.aiinbox.mobile.apkinstaller" >
4
5    <uses-sdk android:minSdkVersion="23" />
6
7    <uses-permission android:name="android.permission.REQUEST_INSTALL_PACKAGES" />
7-->src\main\AndroidManifest.xml:3:5-83
7-->src\main\AndroidManifest.xml:3:22-80
8    <uses-permission android:name="android.permission.FOREGROUND_SERVICE" />
8-->src\main\AndroidManifest.xml:4:5-77
8-->src\main\AndroidManifest.xml:4:22-74
9    <uses-permission android:name="android.permission.FOREGROUND_SERVICE_DATA_SYNC" />
9-->src\main\AndroidManifest.xml:5:5-87
9-->src\main\AndroidManifest.xml:5:22-84
10    <uses-permission android:name="android.permission.WAKE_LOCK" />
10-->src\main\AndroidManifest.xml:6:5-68
10-->src\main\AndroidManifest.xml:6:22-65
11
12    <application>
12-->src\main\AndroidManifest.xml:7:5-9:19
13        <service
13-->src\main\AndroidManifest.xml:8:9-122
14            android:name="com.aiinbox.mobile.apkinstaller.BuildWatcherService"
14-->src\main\AndroidManifest.xml:8:18-53
15            android:exported="false"
15-->src\main\AndroidManifest.xml:8:95-119
16            android:foregroundServiceType="dataSync" />
16-->src\main\AndroidManifest.xml:8:54-94
17    </application>
18
19</manifest>